[info   ] [FileManager]: Data files will be fetched from: '/home/andralves/supertuxkart-1.0-linux/data/'
[info   ] [FileManager]: User directory is '/home/andralves/.config/supertuxkart/config-0.10/'.
[info   ] [FileManager]: Addons files will be stored in '/home/andralves/.local/share/supertuxkart/addons/'.
[info   ] [FileManager]: Screenshots will be stored in '/home/andralves/.local/share/supertuxkart/screenshots/'.
[info   ] [FileManager]: User-defined grand prix will be stored in '/home/andralves/.local/share/supertuxkart/grandprix/'.
[info   ] [FileManager]: Asset 0 will be loaded from '/home/andralves/supertuxkart-1.0-linux/data/challenges/'.
[info   ] [FileManager]: Asset 1 will be loaded from '/home/andralves/supertuxkart-1.0-linux/data/gfx/'.
[info   ] [FileManager]: Asset 2 will be loaded from '/home/andralves/supertuxkart-1.0-linux/data/grandprix/'.
[info   ] [FileManager]: Asset 3 will be loaded from '/home/andralves/supertuxkart-1.0-linux/data/gui/icons/'.
[info   ] [FileManager]: Asset 4 will be loaded from '/home/andralves/supertuxkart-1.0-linux/data/gui/screens/'.
[info   ] [FileManager]: Asset 5 will be loaded from '/home/andralves/supertuxkart-1.0-linux/data/gui/dialogs/'.
[info   ] [FileManager]: Asset 6 will be loaded from '/home/andralves/supertuxkart-1.0-linux/data/library/'.
[info   ] [FileManager]: Asset 7 will be loaded from '/home/andralves/supertuxkart-1.0-linux/data/models/'.
[info   ] [FileManager]: Asset 8 will be loaded from '/home/andralves/supertuxkart-1.0-linux/data/music/'.
[info   ] [FileManager]: Asset 9 will be loaded from '/home/andralves/supertuxkart-1.0-linux/data/replay/'.
[info   ] [FileManager]: Asset 10 will be loaded from '/home/andralves/supertuxkart-1.0-linux/data/tracks/'.
[info   ] [FileManager]: Asset 11 will be loaded from '/home/andralves/supertuxkart-1.0-linux/data/sfx/'.
[info   ] [FileManager]: Asset 12 will be loaded from '/home/andralves/supertuxkart-1.0-linux/data/shaders/'.
[info   ] [FileManager]: Asset 13 will be loaded from '/home/andralves/supertuxkart-1.0-linux/data/skins/'.
[info   ] [FileManager]: Asset 14 will be loaded from '/home/andralves/supertuxkart-1.0-linux/data/textures/'.
[info   ] [FileManager]: Asset 15 will be loaded from '/home/andralves/supertuxkart-1.0-linux/data/ttf/'.
[info   ] [FileManager]: Asset 16 will be loaded from '/home/andralves/supertuxkart-1.0-linux/data/po/'.
[verbose  ] translation: Env var LANGUAGE = 'en_US.UTF-8'.
[verbose  ] translation: Language 'English (United States)'.
[info   ] tinygettext: Adding language fallback en

[info   ] IrrDriver: OpenGL version: 4.3
[info   ] IrrDriver: OpenGL vendor: NVIDIA Corporation
[info   ] IrrDriver: OpenGL renderer: GeForce MX150/PCIe/SSE2
[info   ] IrrDriver: OpenGL version string: 4.3.0 NVIDIA 430.26
[info   ] GLDriver: ARB Buffer Storage Present
[info   ] GLDriver: ARB Compute Shader Present
[info   ] GLDriver: ARB Arrays of Arrays Present
[info   ] GLDriver: ARB Texture Storage Present
[info   ] GLDriver: ARB Texture View Present
[info   ] GLDriver: ARB Image Load Store Present
[info   ] GLDriver: ARB Shader Atomic Counters Present
[info   ] GLDriver: ARB Shader Storage Buffer Object Present
[info   ] GLDriver: EXT Texture Compression S3TC Present
[info   ] GLDriver: ARB Uniform Buffer Object Present
[info   ] GLDriver: ARB Explicit Attrib Location Present
[info   ] GLDriver: EXT Texture Filter Anisotropic Present
[info   ] GLDriver: Geometry Shaders Present
[info   ] GLDriver: ARB Texture Buffer Object Present
[info   ] GLDriver: ARB Texture Swizzle Present
[info   ] GLDriver: ARB Pixel Buffer Object Present
[info   ] GLDriver: ARB Sampler Objects Present
[info   ] GLDriver: ARB Vertex Type 2_10_10_10_rev Present
[info   ] GLDriver: ARB Instanced Arrays Present
[info   ] SharedGPUObjects: Hardware Skinning enabled, method: TBO, max bones: 1024
[info   ] ShaderFilesManager: Compiling shader: /home/andralves/supertuxkart-1.0-linux/data/shaders/sp_pass.vert
[info   ] ShaderFilesManager: Compiling shader: /home/andralves/supertuxkart-1.0-linux/data/shaders/sp_solid.frag
[info   ] ShaderFilesManager: Compiling shader: /home/andralves/supertuxkart-1.0-linux/data/shaders/sp_shadow.vert
[info   ] ShaderFilesManager: Compiling shader: /home/andralves/supertuxkart-1.0-linux/data/shaders/white.frag
[info   ] ShaderFilesManager: Compiling shader: /home/andralves/supertuxkart-1.0-linux/data/shaders/sp_skinning.vert
[info   ] ShaderFilesManager: Compiling shader: /home/andralves/supertuxkart-1.0-linux/data/shaders/sp_skinning_shadow.vert
[info   ] ShaderFilesManager: Compiling shader: /home/andralves/supertuxkart-1.0-linux/data/shaders/sp_normal_map.frag
[info   ] ShaderFilesManager: Compiling shader: /home/andralves/supertuxkart-1.0-linux/data/shaders/sp_alpha_test.frag
[info   ] ShaderFilesManager: Compiling shader: /home/andralves/supertuxkart-1.0-linux/data/shaders/sp_shadow_alpha_test.frag
[info   ] ShaderFilesManager: Compiling shader: /home/andralves/supertuxkart-1.0-linux/data/shaders/sp_decal.frag
[info   ] ShaderFilesManager: Compiling shader: /home/andralves/supertuxkart-1.0-linux/data/shaders/sp_grass_pass.vert
[info   ] ShaderFilesManager: Compiling shader: /home/andralves/supertuxkart-1.0-linux/data/shaders/sp_grass.frag
[info   ] ShaderFilesManager: Compiling shader: /home/andralves/supertuxkart-1.0-linux/data/shaders/sp_grass_shadow.vert
[info   ] ShaderFilesManager: Compiling shader: /home/andralves/supertuxkart-1.0-linux/data/shaders/sp_unlit.frag
[info   ] ShaderFilesManager: Compiling shader: /home/andralves/supertuxkart-1.0-linux/data/shaders/sp_transparent.frag
[info   ] ShaderFilesManager: Compiling shader: /home/andralves/supertuxkart-1.0-linux/data/shaders/sp_ghost.frag
[info   ] ShaderFilesManager: Compiling shader: /home/andralves/supertuxkart-1.0-linux/data/shaders/sp_dynamic_night_bloom.frag
[info   ] ShaderFilesManager: Compiling shader: /home/andralves/supertuxkart-1.0-linux/data/shaders/sp_tilling_mitigation.frag
[info   ] ShaderFilesManager: Compiling shader: /home/andralves/supertuxkart-1.0-linux/data/shaders/sp_vertical_mapping.frag
[info   ] ShaderFilesManager: Compiling shader: /home/andralves/supertuxkart-1.0-linux/data/shaders/sp_road_blending.frag
[info   ] ShaderFilesManager: Compiling shader: /home/andralves/supertuxkart-1.0-linux/data/shaders/sp_displace.frag
[info   ] ShaderFilesManager: Compiling shader: /home/andralves/supertuxkart-1.0-linux/data/shaders/colorize.frag
[info   ] ShaderFilesManager: Compiling shader: /home/andralves/supertuxkart-1.0-linux/data/shaders/sp_normal_visualizer.vert
[info   ] ShaderFilesManager: Compiling shader: /home/andralves/supertuxkart-1.0-linux/data/shaders/sp_normal_visualizer.geom
[info   ] ShaderFilesManager: Compiling shader: /home/andralves/supertuxkart-1.0-linux/data/shaders/sp_normal_visualizer.frag
[info   ] ShaderFilesManager: Compiling shader: /home/andralves/supertuxkart-1.0-linux/data/shaders/screenquad.vert
[info   ] ShaderFilesManager: Compiling shader: /home/andralves/supertuxkart-1.0-linux/data/shaders/motion_blur.frag
[info   ] ShaderFilesManager: Compiling shader: /home/andralves/supertuxkart-1.0-linux/data/shaders/lightning.frag
[info   ] ShaderFilesManager: Compiling shader: /home/andralves/supertuxkart-1.0-linux/data/shaders/primitive2dlist.vert
[info   ] ShaderFilesManager: Compiling shader: /home/andralves/supertuxkart-1.0-linux/data/shaders/transparent.frag
[info   ] ShaderFilesManager: Compiling shader: /home/andralves/supertuxkart-1.0-linux/data/shaders/texturedquad.vert
[info   ] ShaderFilesManager: Compiling shader: /home/andralves/supertuxkart-1.0-linux/data/shaders/uniformcolortexturedquad.frag
[info   ] ShaderFilesManager: Compiling shader: /home/andralves/supertuxkart-1.0-linux/data/shaders/texturedquad.frag
[info   ] ShaderFilesManager: Compiling shader: /home/andralves/supertuxkart-1.0-linux/data/shaders/coloredquad.vert
[info   ] ShaderFilesManager: Compiling shader: /home/andralves/supertuxkart-1.0-linux/data/shaders/coloredquad.frag
[info   ] ShaderFilesManager: Compiling shader: /home/andralves/supertuxkart-1.0-linux/data/shaders/colortexturedquad.vert
[info   ] ShaderFilesManager: Compiling shader: /home/andralves/supertuxkart-1.0-linux/data/shaders/colortexturedquad.frag
[info   ] irr_driver: GLSL supported.
[info   ] HTTPRequest: Sending userid=116535&token=************************ to https://online.supertuxkart.net/api/v2/user/saved-session/
[info   ] HTTPRequest: Downloading https://online.supertuxkart.net/dl/xml/online_news.xml
[info   ] addons: Downloading updated addons.xml.
[info   ] HTTPRequest: Downloading https://online.supertuxkart.net/dl/xml/online_assets.xml
[warn   ] Track: NavMesh is not found for arena About the Garage, disable AI for it.

[warn   ] track: Music information file 'amazon_jungle.music' not found for track 'Amazonian Journey' - ignored.

[warn   ] track: Music information for track 'Amazonian Journey' replaced by default music.

[warn   ] Track: NavMesh is not found for arena Amphitheatre, disable AI for it.

[warn   ] Track: NavMesh is not found for arena Area 498, disable AI for it.

[warn   ] track: Music information file 'demonhill.music' not found for track 'Blackhill Mansion' - ignored.

[warn   ] track: Music information for track 'Blackhill Mansion' replaced by default music.

[warn   ] Track: NavMesh is not found for arena Champs Castle, disable AI for it.

[warn   ] Track: NavMesh is not found for arena Circle Of Destiny, disable AI for it.

[warn   ] Track: NavMesh is not found for arena Circle of ubuntu, disable AI for it.

[warn   ] track: Music information file 'xeon6.music' not found for track 'Coloseum' - ignored.

[warn   ] track: Music information for track 'Coloseum' replaced by default music.

[warn   ] Track: NavMesh is not found for arena Coloseum, disable AI for it.

[warn   ] Track: NavMesh is not found for arena Ice cube , disable AI for it.

[warn   ] Track: NavMesh is not found for arena Interplanetary War, disable AI for it.

[warn   ] track: Music information file 'Origin.music' not found for track 'labirus' - ignored.

[warn   ] track: Music information for track 'labirus' replaced by default music.

[warn   ] Track: NavMesh is not found for arena labirus, disable AI for it.

[warn   ] track: Music information file 'jumping_to_the_stars.music' not found for track 'Las Dunas Stadium' - ignored.

[warn   ] track: Music information for track 'Las Dunas Stadium' replaced by default music.

[warn   ] Track: NavMesh is not found for arena Lava island, disable AI for it.

[warn   ] Track: NavMesh is not found for arena Magma Battle, disable AI for it.

[warn   ] Track: NavMesh is not found for arena Mall, disable AI for it.

[warn   ] track: Music information file 'demonhill.music' not found for track 'Nolok's Factory' - ignored.

[warn   ] track: Music information for track 'Nolok's Factory' replaced by default music.

[warn   ] Track: NavMesh is not found for arena Soccer arena, disable AI for it.

[warn   ] Track: NavMesh is not found for arena STK Mercury, disable AI for it.

[info   ] HTTPRequest: Downloading 
[info   ] HTTPRequest: Downloading 
[info   ] HTTPRequest: Downloading 
[info   ] HTTPRequest: Downloading 
[info   ] HTTPRequest: Downloading 
[info   ] HTTPRequest: Downloading 
[info   ] HTTPRequest: Downloading 
[info   ] HTTPRequest: Downloading 
[info   ] HTTPRequest: Downloading https://online.supertuxkart.net/dl/images/32999604857af930517f49.png
[warn   ] Track: NavMesh is not found for arena The lost subsea, disable AI for it.

[warn   ] Track: NavMesh is not found for arena TSS, disable AI for it.

[warn   ] Track: NavMesh is not found for arena Warehouse, disable AI for it.

[info   ] GrandPrixManager: Loading Grand Prix files from /home/andralves/supertuxkart-1.0-linux/data/grandprix/
[info   ] GrandPrixManager: Loading Grand Prix files from /home/andralves/.local/share/supertuxkart/grandprix/
[warn   ] KartProperties: Can't find kart type '' for kart 'Blinky', defaulting to 'light'.
[warn   ] KartProperties: Can't find kart type '' for kart 'Buggie', defaulting to 'light'.
[info   ] Achievements: Synching achievement 1,2,3,4,5,6,7,8,9,11 to server.
[info   ] HTTPRequest: Sending userid=116535&token=************************&achievementid=1%2C2%2C3%2C4%2C5%2C6%2C7%2C8%2C9%2C11 to https://online.supertuxkart.net/api/v2/user/achieving/
[info   ] HTTPRequest: Downloading 
[info   ] HTTPRequest: Downloading 
[info   ] HTTPRequest: Sending userid=116535&token=************************ to https://online.supertuxkart.net/api/v2/user/poll/
[info   ] HTTPRequest: Sending userid=116535&token=************************&visitingid=116535 to https://online.supertuxkart.net/api/v2/user/get-friends-list/
[info   ] HTTPRequest: Downloading 
[info   ] HTTPRequest: Downloading 
[info   ] HTTPRequest: Sending userid=116535&token=************************&visitingid=116535 to https://online.supertuxkart.net/api/v2/user/get-friends-list/
[info   ] HTTPRequest: Downloading 
[info   ] HTTPRequest: Downloading 
[info   ] HTTPRequest: Downloading 
[warn   ] Irrlicht: Could not open file of image: /home/andralves/supertuxkart-1.0-linux/data/tracks/endcutscene/screenshot.jpg
[error  ] STKTexManager: Texture /home/andralves/supertuxkart-1.0-linux/data/tracks/endcutscene/screenshot.jpg not found or invalid.
[warn   ] Irrlicht: Could not open file of image: /home/andralves/supertuxkart-1.0-linux/data/tracks/featunlocked/screenshot.jpg
[error  ] STKTexManager: Texture /home/andralves/supertuxkart-1.0-linux/data/tracks/featunlocked/screenshot.jpg not found or invalid.
[warn   ] Irrlicht: Could not open file of image: /home/andralves/supertuxkart-1.0-linux/data/tracks/gplose/screenshot.jpg
[error  ] STKTexManager: Texture /home/andralves/supertuxkart-1.0-linux/data/tracks/gplose/screenshot.jpg not found or invalid.
[warn   ] Irrlicht: Could not open file of image: /home/andralves/supertuxkart-1.0-linux/data/tracks/gpwin/test_track_postcard.png
[error  ] STKTexManager: Texture /home/andralves/supertuxkart-1.0-linux/data/tracks/gpwin/test_track_postcard.png not found or invalid.
[warn   ] Irrlicht: Could not open file of image: /home/andralves/supertuxkart-1.0-linux/data/tracks/introcutscene/screenshot.jpg
[error  ] STKTexManager: Texture /home/andralves/supertuxkart-1.0-linux/data/tracks/introcutscene/screenshot.jpg not found or invalid.
[warn   ] Irrlicht: Could not open file of image: /home/andralves/supertuxkart-1.0-linux/data/tracks/introcutscene2/screenshot.jpg
[error  ] STKTexManager: Texture /home/andralves/supertuxkart-1.0-linux/data/tracks/introcutscene2/screenshot.jpg not found or invalid.
[warn   ] Irrlicht: Could not open file of image: /home/andralves/supertuxkart-1.0-linux/data/tracks/overworld/screenshot.jpg
[error  ] STKTexManager: Texture /home/andralves/supertuxkart-1.0-linux/data/tracks/overworld/screenshot.jpg not found or invalid.
[info   ] HTTPRequest: Downloading https://online.supertuxkart.net/api/v2/server/get-all/
[info   ] ServerInfoDialog: Server id is 45231, owner is 109463
[info   ] STKHost: Host initialized.
[info   ] ConnectToServer: SETUP
[info   ] ProtocolManager: A 15ConnectToServer protocol has been started.
[error  ] STKHost: STUN response contains no data at all
[info   ] ConnectToServer: Registering addr 188.82.170.173:41128
[info   ] HTTPRequest: Sending userid=116535&token=************************&server-id=45231&address=3159534253&port=41128&aes-key=****************************&aes-iv=iBCl71%2FvWqGMdgXR to https://online.supertuxkart.net/api/v2/server/join-server-key/
[info   ] ConnectToServer: Trying connecting to 54.38.186.12:40075 from port 44481, retry remain: 3
[info   ] ConnectToServer: Connected to 54.38.186.12:40075
[info   ] STKHost: Listening has been started.
[info   ] ProtocolManager: A 11ClientLobby protocol has been started.
[info   ] ProtocolManager: A 15ConnectToServer protocol has been terminated.
[info   ] ClientLobby: Server will validate this online player.
[info   ] ClientLobby: Synchronous message of type 2
[error  ] STKHost: Connection refused: Server is full.
[info   ] HTTPRequest: Sending userid=116535&token=************************ to https://online.supertuxkart.net/api/v2/server/clear-user-joined-server/
[info   ] STKHost: Listening has been stopped.
[info   ] HTTPRequest: Downloading https://online.supertuxkart.net/api/v2/server/get-all/
[info   ] ServerInfoDialog: Server id is 45252, owner is 109463
[info   ] STKHost: Host initialized.
[info   ] ConnectToServer: SETUP
[info   ] ProtocolManager: A 15ConnectToServer protocol has been started.
[error  ] STKHost: STUN response contains no data at all
[info   ] ConnectToServer: Registering addr 188.82.170.173:47242
[info   ] HTTPRequest: Sending userid=116535&token=************************&server-id=45252&address=3159534253&port=47242&aes-key=****************************&aes-iv=zUhOe70aQqbZUqKz to https://online.supertuxkart.net/api/v2/server/join-server-key/
[info   ] ConnectToServer: Trying connecting to 54.38.186.12:40076 from port 41231, retry remain: 3
[info   ] ConnectToServer: Connected to 54.38.186.12:40076
[info   ] STKHost: Listening has been started.
[info   ] ProtocolManager: A 11ClientLobby protocol has been started.
[info   ] ProtocolManager: A 15ConnectToServer protocol has been terminated.
[info   ] ClientLobby: Server will validate this online player.
[info   ] ClientLobby: Synchronous message of type 4
[info   ] ClientLobby: Synchronous message of type 6
[info   ] ClientLobby: Synchronous message of type 3
[info   ] ClientLobby: The server accepted the connection.
[info   ] ClientLobby: Synchronous message of type 18
[info   ] ClientLobby: Synchronous message of type 6
[info   ] NetworkTimerSynchronizer: Network timer synchronized, difference: 1ms
[info   ] ClientLobby: Synchronous message of type 4
[info   ] ClientLobby: Synchronous message of type 6
[info   ] ClientLobby: Synchronous message of type 4
[info   ] ClientLobby: Synchronous message of type 6
[info   ] ClientLobby: Synchronous message of type 12
[info   ] ShaderFilesManager: Compiling shader: /home/andralves/supertuxkart-1.0-linux/data/shaders/simple_particle.vert
[info   ] ShaderFilesManager: Compiling shader: /home/andralves/supertuxkart-1.0-linux/data/shaders/simple_particle.frag
[info   ] ShaderFilesManager: Compiling shader: /home/andralves/supertuxkart-1.0-linux/data/shaders/alphatest_particle.vert
[info   ] ShaderFilesManager: Compiling shader: /home/andralves/supertuxkart-1.0-linux/data/shaders/alphatest_particle.frag
[info   ] ShaderFilesManager: Compiling shader: /home/andralves/supertuxkart-1.0-linux/data/shaders/degraded_ibl.frag
[info   ] ShaderFilesManager: Compiling shader: /home/andralves/supertuxkart-1.0-linux/data/shaders/sunlight.frag
[info   ] ShaderFilesManager: Compiling shader: /home/andralves/supertuxkart-1.0-linux/data/shaders/pointlight.vert
[info   ] ShaderFilesManager: Compiling shader: /home/andralves/supertuxkart-1.0-linux/data/shaders/pointlight.frag
[info   ] ShaderFilesManager: Compiling shader: /home/andralves/supertuxkart-1.0-linux/data/shaders/linearizedepth.frag
[info   ] ShaderFilesManager: Compiling shader: /home/andralves/supertuxkart-1.0-linux/data/shaders/ssao.frag
[info   ] ShaderFilesManager: Compiling shader: /home/andralves/supertuxkart-1.0-linux/data/shaders/bilateralH.comp
[info   ] ShaderFilesManager: Compiling shader: /home/andralves/supertuxkart-1.0-linux/data/shaders/bilateralV.comp
[info   ] ShaderFilesManager: Compiling shader: /home/andralves/supertuxkart-1.0-linux/data/shaders/combine_diffuse_color.frag
[info   ] ShaderFilesManager: Compiling shader: /home/andralves/supertuxkart-1.0-linux/data/shaders/glow.frag
[info   ] ShaderFilesManager: Compiling shader: /home/andralves/supertuxkart-1.0-linux/data/shaders/tonemap.frag
[info   ] ShaderFilesManager: Compiling shader: /home/andralves/supertuxkart-1.0-linux/data/shaders/mlaa_color1.frag
[info   ] ShaderFilesManager: Compiling shader: /home/andralves/supertuxkart-1.0-linux/data/shaders/mlaa_blend2.frag
[info   ] ShaderFilesManager: Compiling shader: /home/andralves/supertuxkart-1.0-linux/data/shaders/mlaa_neigh3.frag
[info   ] ClientLobby: Selection starts now
[info   ] HTTPRequest: Sending userid=116535&token=************************ to https://online.supertuxkart.net/api/v2/user/poll/
[info   ] ClientLobby: Synchronous message of type 16
[info   ] ClientLobby: Synchronous message of type 16
[info   ] ClientLobby: Synchronous message of type 16
[info   ] ClientLobby: Synchronous message of type 16
[info   ] ClientLobby: Synchronous message of type 16
[info   ] ClientLobby: Synchronous message of type 10
[info   ] LobbyProtocol: Player configuration ready.
[info   ] LobbyProtocol: Ready !
[verbose  ] RaceManager: Nb of karts=1, ghost karts:0 ai:0 players:1

[info   ] Track: Overall scene complexity estimated at 643
[info   ] ShaderFilesManager: Compiling shader: /home/andralves/supertuxkart-1.0-linux/data/shaders/importance_sampling_specular.frag
[info   ] ProtocolManager: A 12GameProtocol protocol has been started.
[info   ] ProtocolManager: A 18GameEventsProtocol protocol has been started.
[info   ] ShaderFilesManager: Compiling shader: /home/andralves/supertuxkart-1.0-linux/data/shaders/IBL.frag
[info   ] ShaderFilesManager: Compiling shader: /home/andralves/supertuxkart-1.0-linux/data/shaders/sunlightshadow.frag
[info   ] ShaderFilesManager: Compiling shader: /home/andralves/supertuxkart-1.0-linux/data/shaders/pointlightscatter.frag
[info   ] ShaderFilesManager: Compiling shader: /home/andralves/supertuxkart-1.0-linux/data/shaders/gaussian6v.comp
[info   ] ShaderFilesManager: Compiling shader: /home/andralves/supertuxkart-1.0-linux/data/shaders/gaussian6h.comp
[info   ] ShaderFilesManager: Compiling shader: /home/andralves/supertuxkart-1.0-linux/data/shaders/sky.vert
[info   ] ShaderFilesManager: Compiling shader: /home/andralves/supertuxkart-1.0-linux/data/shaders/sky.frag
[info   ] ShaderFilesManager: Compiling shader: /home/andralves/supertuxkart-1.0-linux/data/shaders/passthrough.frag
[info   ] ShaderFilesManager: Compiling shader: /home/andralves/supertuxkart-1.0-linux/data/shaders/dof.frag
[info   ] ShaderFilesManager: Compiling shader: /home/andralves/supertuxkart-1.0-linux/data/shaders/godfade.frag
[info   ] ShaderFilesManager: Compiling shader: /home/andralves/supertuxkart-1.0-linux/data/shaders/gaussian3v.frag
[info   ] ShaderFilesManager: Compiling shader: /home/andralves/supertuxkart-1.0-linux/data/shaders/gaussian3h.frag
[info   ] ShaderFilesManager: Compiling shader: /home/andralves/supertuxkart-1.0-linux/data/shaders/godray.frag
[info   ] ShaderFilesManager: Compiling shader: /home/andralves/supertuxkart-1.0-linux/data/shaders/bloom.frag
[info   ] ShaderFilesManager: Compiling shader: /home/andralves/supertuxkart-1.0-linux/data/shaders/gaussian6h.frag
[info   ] ShaderFilesManager: Compiling shader: /home/andralves/supertuxkart-1.0-linux/data/shaders/bloomblend.frag
[info   ] ShaderFilesManager: Compiling shader: /home/andralves/supertuxkart-1.0-linux/data/shaders/lensblend.frag
[info   ] ClientLobby: Synchronous message of type 11
[info   ] ClientLobby: Start game after 2448ms
[info   ] ClientLobby: Started at 3287950.012000
Rewind [info   ] HTTPRequest: Sending userid=116535&token=************************ to https://online.supertuxkart.net/api/v2/user/poll/
[info   ] ClientLobby: Synchronous message of type 13
[info   ] ClientLobby: Server notified that the race is finished.
[info   ] ProtocolManager: A 18GameEventsProtocol protocol has been terminated.
[info   ] ProtocolManager: A 12GameProtocol protocol has been terminated.
[info   ] ClientLobby: Synchronous message of type 15
[info   ] Singleton: Destroyed singleton.
[info   ] Singleton: Destroyed singleton.
[info   ] Singleton: Destroyed singleton.
[info   ] ClientLobby: Synchronous message of type 6
[info   ] ClientLobby: Synchronous message of type 4
[info   ] HTTPRequest: Sending userid=116535&token=************************ to https://online.supertuxkart.net/api/v2/server/clear-user-joined-server/
[info   ] STKHost: Listening has been stopped.
[info   ] HTTPRequest: Downloading https://online.supertuxkart.net/api/v2/server/get-all/
[info   ] ServerInfoDialog: Server id is 45231, owner is 109463
[info   ] STKHost: Host initialized.
[info   ] ConnectToServer: SETUP
[info   ] ProtocolManager: A 15ConnectToServer protocol has been started.
[error  ] STKHost: STUN response contains no data at all
[error  ] STKHost: STUN response contains no data at all
[error  ] STKHost: STUN response contains no data at all
[error  ] STKHost: STUN response contains no data at all
[info   ] ConnectToServer: Registering addr 188.82.170.173:50039
[info   ] HTTPRequest: Sending userid=116535&token=************************&server-id=45231&address=3159534253&port=50039&aes-key=******************************&aes-iv=Jr1M53ZnGYgoqOOK to https://online.supertuxkart.net/api/v2/server/join-server-key/
[info   ] ConnectToServer: Trying connecting to 54.38.186.12:40075 from port 58225, retry remain: 3
[info   ] ConnectToServer: Connected to 54.38.186.12:40075
[info   ] STKHost: Listening has been started.
[info   ] ProtocolManager: A 11ClientLobby protocol has been started.
[info   ] ProtocolManager: A 15ConnectToServer protocol has been terminated.
[info   ] ClientLobby: Server will validate this online player.
[info   ] ClientLobby: Synchronous message of type 4
[info   ] ClientLobby: Synchronous message of type 6
[info   ] ClientLobby: Synchronous message of type 3
[info   ] ClientLobby: The server accepted the connection.
[info   ] ClientLobby: Synchronous message of type 6
[info   ] ClientLobby: Synchronous message of type 6
[info   ] ClientLobby: Synchronous message of type 12
[info   ] ClientLobby: Selection starts now
[info   ] ClientLobby: Synchronous message of type 16
[info   ] NetworkTimerSynchronizer: Network timer synchronized, difference: 0ms
[info   ] ClientLobby: Synchronous message of type 16
[info   ] ClientLobby: Synchronous message of type 16
[info   ] ClientLobby: Synchronous message of type 16
[info   ] ClientLobby: Synchronous message of type 16
[info   ] ClientLobby: Synchronous message of type 16
[info   ] ClientLobby: Synchronous message of type 16
[info   ] ClientLobby: Synchronous message of type 16
[info   ] ClientLobby: Synchronous message of type 16
[info   ] ClientLobby: Synchronous message of type 16
[info   ] ClientLobby: Synchronous message of type 10
[info   ] LobbyProtocol: Player configuration ready.
[info   ] LobbyProtocol: Ready !
[verbose  ] RaceManager: Nb of karts=7, ghost karts:0 ai:0 players:7

[warn   ] SPMeshBuffer: spheremap shader is missing, fallback to solid
[info   ] Track: Overall scene complexity estimated at 293
[info   ] NetworkPlayerController: New network player controller.
[info   ] NetworkPlayerController: New network player controller.
[info   ] NetworkPlayerController: New network player controller.
[info   ] NetworkPlayerController: New network player controller.
[info   ] NetworkPlayerController: New network player controller.
[info   ] NetworkPlayerController: New network player controller.
[info   ] ProtocolManager: A 12GameProtocol protocol has been started.
[info   ] ProtocolManager: A 18GameEventsProtocol protocol has been started.
[info   ] ShaderFilesManager: Compiling shader: /home/andralves/supertuxkart-1.0-linux/data/shaders/sp_text_billboard.frag
[info   ] HTTPRequest: Sending userid=116535&token=************************ to https://online.supertuxkart.net/api/v2/user/poll/
[info   ] ClientLobby: Synchronous message of type 11
[info   ] ClientLobby: Start game after 2456ms
[info   ] ClientLobby: Started at 3288054.290000
[info   ] HTTPRequest: Sending userid=116535&token=************************ to https://online.supertuxkart.net/api/v2/user/poll/
[info   ] HTTPRequest: Sending userid=116535&token=************************ to https://online.supertuxkart.net/api/v2/user/poll/
[info   ] ClientLobby: Synchronous message of type 13
[info   ] ClientLobby: Server notified that the race is finished.
[info   ] ProtocolManager: A 18GameEventsProtocol protocol has been terminated.
[info   ] ProtocolManager: A 12GameProtocol protocol has been terminated.
[info   ] ClientLobby: Synchronous message of type 15
[info   ] Singleton: Destroyed singleton.
[info   ] Singleton: Destroyed singleton.
[info   ] Singleton: Destroyed singleton.
[info   ] ClientLobby: Synchronous message of type 6
[info   ] ClientLobby: Synchronous message of type 4
[info   ] ClientLobby: Synchronous message of type 6
[info   ] ClientLobby: Synchronous message of type 6
[info   ] ClientLobby: Synchronous message of type 6
[info   ] ClientLobby: Synchronous message of type 6
[info   ] ClientLobby: Synchronous message of type 6
[info   ] ClientLobby: Synchronous message of type 6
[info   ] ClientLobby: Synchronous message of type 6
[info   ] ClientLobby: Synchronous message of type 6
[info   ] ClientLobby: Synchronous message of type 12
[info   ] ClientLobby: Selection starts now
[info   ] HTTPRequest: Sending userid=116535&token=************************ to https://online.supertuxkart.net/api/v2/user/poll/
[info   ] ClientLobby: Synchronous message of type 16
[info   ] ClientLobby: Synchronous message of type 16
[info   ] ClientLobby: Synchronous message of type 16
[info   ] ClientLobby: Synchronous message of type 16
[info   ] ClientLobby: Synchronous message of type 16
[info   ] ClientLobby: Synchronous message of type 16
[info   ] ClientLobby: Synchronous message of type 16
[info   ] ClientLobby: Synchronous message of type 16
[info   ] ClientLobby: Synchronous message of type 16
[info   ] ClientLobby: Synchronous message of type 16
[info   ] ClientLobby: Synchronous message of type 16
[info   ] ClientLobby: Synchronous message of type 16
[info   ] ClientLobby: Synchronous message of type 16
[info   ] ClientLobby: Synchronous message of type 16
[info   ] ClientLobby: Synchronous message of type 16
[info   ] ClientLobby: Synchronous message of type 16
[info   ] ClientLobby: Synchronous message of type 16
[info   ] ClientLobby: Synchronous message of type 16
[info   ] ClientLobby: Synchronous message of type 16
[info   ] ClientLobby: Synchronous message of type 16
[info   ] ClientLobby: Synchronous message of type 16
[info   ] ClientLobby: Synchronous message of type 16
[info   ] ClientLobby: Synchronous message of type 16
[info   ] ClientLobby: Synchronous message of type 16
[info   ] ClientLobby: Synchronous message of type 16
[info   ] ClientLobby: Synchronous message of type 16
[info   ] ClientLobby: Synchronous message of type 16
[info   ] ClientLobby: Synchronous message of type 16
[info   ] ClientLobby: Synchronous message of type 16
[info   ] ClientLobby: Synchronous message of type 10
[info   ] LobbyProtocol: Player configuration ready.
[info   ] LobbyProtocol: Ready !
[verbose  ] RaceManager: Nb of karts=8, ghost karts:0 ai:0 players:8

[warn   ] SPMeshBuffer: spheremap shader is missing, fallback to solid
[info   ] Track: Overall scene complexity estimated at 83
[info   ] NetworkPlayerController: New network player controller.
[info   ] NetworkPlayerController: New network player controller.
[info   ] NetworkPlayerController: New network player controller.
[info   ] NetworkPlayerController: New network player controller.
[info   ] NetworkPlayerController: New network player controller.
[info   ] NetworkPlayerController: New network player controller.
[info   ] NetworkPlayerController: New network player controller.
[info   ] ProtocolManager: A 12GameProtocol protocol has been started.
[info   ] ProtocolManager: A 18GameEventsProtocol protocol has been started.
[info   ] ClientLobby: Synchronous message of type 11
[info   ] ClientLobby: Start game after 2456ms
[info   ] ClientLobby: Started at 3288254.403000
Rewind [info   ] HTTPRequest: Sending userid=116535&token=************************ to https://online.supertuxkart.net/api/v2/user/poll/
Rewind [info   ] HTTPRequest: Sending userid=116535&token=************************ to https://online.supertuxkart.net/api/v2/user/poll/
[info   ] ClientLobby: Synchronous message of type 17
[info   ] ClientLobby: kimden: what a mess
[info   ] ClientLobby: Synchronous message of type 13
[info   ] ClientLobby: Server notified that the race is finished.
[info   ] ProtocolManager: A 18GameEventsProtocol protocol has been terminated.
[info   ] ProtocolManager: A 12GameProtocol protocol has been terminated.
[info   ] ClientLobby: Synchronous message of type 15
[info   ] Singleton: Destroyed singleton.
[info   ] Singleton: Destroyed singleton.
[info   ] Singleton: Destroyed singleton.
[info   ] ClientLobby: Synchronous message of type 6
[info   ] ClientLobby: Synchronous message of type 4
[info   ] ClientLobby: Synchronous message of type 6
[info   ] ClientLobby: Synchronous message of type 6
[info   ] ClientLobby: Synchronous message of type 6
[info   ] ClientLobby: Synchronous message of type 6
[info   ] ClientLobby: Synchronous message of type 6
[info   ] ClientLobby: Synchronous message of type 6
[info   ] ClientLobby: Synchronous message of type 6
[info   ] ClientLobby: Synchronous message of type 6
[info   ] ClientLobby: Synchronous message of type 12
[info   ] ClientLobby: Selection starts now
[info   ] HTTPRequest: Sending userid=116535&token=************************ to https://online.supertuxkart.net/api/v2/user/poll/
[info   ] ClientLobby: Synchronous message of type 16
[info   ] ClientLobby: Synchronous message of type 16
[info   ] ClientLobby: Synchronous message of type 16
[info   ] ClientLobby: Synchronous message of type 16
[info   ] ClientLobby: Synchronous message of type 16
[info   ] ClientLobby: Synchronous message of type 16
[info   ] ClientLobby: Synchronous message of type 16
[info   ] ClientLobby: Synchronous message of type 16
[info   ] ClientLobby: Synchronous message of type 16
[info   ] ClientLobby: Synchronous message of type 16
[info   ] ClientLobby: Synchronous message of type 16
[info   ] ClientLobby: Synchronous message of type 16
[info   ] ClientLobby: Synchronous message of type 16
[info   ] ClientLobby: Synchronous message of type 16
[info   ] ClientLobby: Synchronous message of type 16
[info   ] ClientLobby: Synchronous message of type 16
[info   ] ClientLobby: Synchronous message of type 16
[info   ] ClientLobby: Synchronous message of type 16
[info   ] ClientLobby: Synchronous message of type 16
[info   ] ClientLobby: Synchronous message of type 16
[info   ] ClientLobby: Synchronous message of type 16
[info   ] ClientLobby: Synchronous message of type 16
[info   ] ClientLobby: Synchronous message of type 16
[info   ] ClientLobby: Synchronous message of type 16
[info   ] ClientLobby: Synchronous message of type 16
[info   ] ClientLobby: Synchronous message of type 16
[info   ] ClientLobby: Synchronous message of type 16
[info   ] ClientLobby: Synchronous message of type 16
[info   ] ClientLobby: Synchronous message of type 16
[info   ] ClientLobby: Synchronous message of type 16
[info   ] ClientLobby: Synchronous message of type 16
[info   ] ClientLobby: Synchronous message of type 16
[info   ] ClientLobby: Synchronous message of type 16
[info   ] ClientLobby: Synchronous message of type 16
[info   ] ClientLobby: Synchronous message of type 16
[info   ] ClientLobby: Synchronous message of type 16
[info   ] ClientLobby: Synchronous message of type 16
[info   ] ClientLobby: Synchronous message of type 16
[info   ] ClientLobby: Synchronous message of type 10
[info   ] LobbyProtocol: Player configuration ready.
[info   ] LobbyProtocol: Ready !
[verbose  ] RaceManager: Nb of karts=8, ghost karts:0 ai:0 players:8

[info   ] Track: Overall scene complexity estimated at 176
[info   ] NetworkPlayerController: New network player controller.
[info   ] NetworkPlayerController: New network player controller.
[info   ] NetworkPlayerController: New network player controller.
[info   ] NetworkPlayerController: New network player controller.
[info   ] NetworkPlayerController: New network player controller.
[info   ] NetworkPlayerController: New network player controller.
[info   ] NetworkPlayerController: New network player controller.
[info   ] ProtocolManager: A 12GameProtocol protocol has been started.
[info   ] ProtocolManager: A 18GameEventsProtocol protocol has been started.
[info   ] ClientLobby: Synchronous message of type 11
[info   ] ClientLobby: Start game after 2455ms
[info   ] ClientLobby: Started at 3288437.476000
[info   ] HTTPRequest: Sending userid=116535&token=************************ to https://online.supertuxkart.net/api/v2/user/poll/
[info   ] HTTPRequest: Sending userid=116535&token=************************ to https://online.supertuxkart.net/api/v2/user/poll/
[info   ] ClientLobby: Synchronous message of type 13
[info   ] ClientLobby: Server notified that the race is finished.
[info   ] ProtocolManager: A 18GameEventsProtocol protocol has been terminated.
[info   ] ProtocolManager: A 12GameProtocol protocol has been terminated.
[info   ] ClientLobby: Synchronous message of type 15
[info   ] Singleton: Destroyed singleton.
[info   ] Singleton: Destroyed singleton.
[info   ] Singleton: Destroyed singleton.
[info   ] ClientLobby: Synchronous message of type 6
[info   ] ClientLobby: Synchronous message of type 4
[info   ] ClientLobby: Synchronous message of type 6
[info   ] ClientLobby: Synchronous message of type 6
[info   ] ClientLobby: Synchronous message of type 6
[info   ] ClientLobby: Synchronous message of type 6
[info   ] ClientLobby: Synchronous message of type 17
[info   ] ClientLobby: kimden: painful
[info   ] ClientLobby: Synchronous message of type 6
[info   ] ClientLobby: Synchronous message of type 6
[info   ] ClientLobby: Synchronous message of type 6
[info   ] HTTPRequest: Sending userid=116535&token=************************ to https://online.supertuxkart.net/api/v2/user/poll/
[info   ] ClientLobby: Synchronous message of type 17
[info   ] ClientLobby: OneStone: why are these last games so messy
[info   ] ClientLobby: Synchronous message of type 6
[info   ] ClientLobby: Synchronous message of type 12
[info   ] ClientLobby: Selection starts now
[info   ] ClientLobby: Synchronous message of type 16
[info   ] ClientLobby: Synchronous message of type 16
[info   ] ClientLobby: Synchronous message of type 16
[info   ] ClientLobby: Synchronous message of type 16
[info   ] ClientLobby: Synchronous message of type 16
[info   ] ClientLobby: Synchronous message of type 16
[info   ] ClientLobby: Synchronous message of type 16
[info   ] ClientLobby: Synchronous message of type 16
[info   ] ClientLobby: Synchronous message of type 16
[info   ] ClientLobby: Synchronous message of type 16
[info   ] ClientLobby: Synchronous message of type 10
[info   ] LobbyProtocol: Player configuration ready.
[info   ] LobbyProtocol: Ready !
[verbose  ] RaceManager: Nb of karts=7, ghost karts:0 ai:0 players:7

[info   ] Track: Overall scene complexity estimated at 4483
[info   ] NetworkPlayerController: New network player controller.
[info   ] NetworkPlayerController: New network player controller.
[info   ] NetworkPlayerController: New network player controller.
[info   ] NetworkPlayerController: New network player controller.
[info   ] NetworkPlayerController: New network player controller.
[info   ] NetworkPlayerController: New network player controller.
[info   ] ProtocolManager: A 12GameProtocol protocol has been started.
[info   ] ProtocolManager: A 18GameEventsProtocol protocol has been started.
[info   ] ClientLobby: Synchronous message of type 11
[info   ] ClientLobby: Start game after 2452ms
[info   ] ClientLobby: Started at 3288635.983000
[info   ] HTTPRequest: Sending userid=116535&token=************************ to https://online.supertuxkart.net/api/v2/user/poll/
[info   ] HTTPRequest: Sending userid=116535&token=************************ to https://online.supertuxkart.net/api/v2/user/poll/
Rewind [info   ] HTTPRequest: Sending userid=116535&token=************************ to https://online.supertuxkart.net/api/v2/user/poll/
Rewind [info   ] HTTPRequest: Sending userid=116535&token=************************ to https://online.supertuxkart.net/api/v2/user/poll/
[info   ] HTTPRequest: Sending userid=116535&token=************************ to https://online.supertuxkart.net/api/v2/user/poll/
[info   ] ClientLobby: Synchronous message of type 17
[info   ] ClientLobby: kimden: see you!
[info   ] ClientLobby: Synchronous message of type 17
[info   ] ClientLobby: ste1893: muo4i
[info   ] ClientLobby: Synchronous message of type 17
[info   ] ClientLobby: OneStone: bye!
[info   ] ClientLobby: Synchronous message of type 17
[info   ] ClientLobby: LuaAlex: bye
[info   ] ClientLobby: Synchronous message of type 17
[info   ] ClientLobby: ste1893: crepate
[info   ] ClientLobby: Synchronous message of type 13
[info   ] ClientLobby: Server notified that the race is finished.
[info   ] ProtocolManager: A 18GameEventsProtocol protocol has been terminated.
[info   ] ProtocolManager: A 12GameProtocol protocol has been terminated.
[info   ] ClientLobby: Synchronous message of type 15
[info   ] Singleton: Destroyed singleton.
[info   ] Singleton: Destroyed singleton.
[info   ] Singleton: Destroyed singleton.
[info   ] ClientLobby: Synchronous message of type 6
[info   ] ClientLobby: Synchronous message of type 4
[info   ] ClientLobby: Synchronous message of type 6
[info   ] ClientLobby: Synchronous message of type 6
[info   ] HTTPRequest: Sending userid=116535&token=************************ to https://online.supertuxkart.net/api/v2/user/poll/
[info   ] ClientLobby: Synchronous message of type 6
[info   ] ClientLobby: Synchronous message of type 6
[info   ] ClientLobby: Synchronous message of type 6
[info   ] ClientLobby: Synchronous message of type 6
[info   ] ClientLobby: Synchronous message of type 6
[info   ] ClientLobby: Synchronous message of type 6
[info   ] ClientLobby: Synchronous message of type 6
[info   ] ClientLobby: Synchronous message of type 12
[info   ] ClientLobby: Selection starts now
[info   ] ClientLobby: Synchronous message of type 16
[info   ] ClientLobby: Synchronous message of type 16
[info   ] ClientLobby: Synchronous message of type 16
[info   ] ClientLobby: Synchronous message of type 16
[info   ] ClientLobby: Synchronous message of type 16
[info   ] ClientLobby: Synchronous message of type 16
[info   ] ClientLobby: Synchronous message of type 16
[info   ] ClientLobby: Synchronous message of type 16
[info   ] ClientLobby: Synchronous message of type 16
[info   ] ClientLobby: Synchronous message of type 16
[info   ] ClientLobby: Synchronous message of type 10
[info   ] LobbyProtocol: Player configuration ready.
[info   ] LobbyProtocol: Ready !
[verbose  ] RaceManager: Nb of karts=7, ghost karts:0 ai:0 players:7

[info   ] Track: Overall scene complexity estimated at 415
[info   ] NetworkPlayerController: New network player controller.
[info   ] NetworkPlayerController: New network player controller.
[info   ] NetworkPlayerController: New network player controller.
[info   ] NetworkPlayerController: New network player controller.
[info   ] NetworkPlayerController: New network player controller.
[info   ] NetworkPlayerController: New network player controller.
[info   ] ProtocolManager: A 12GameProtocol protocol has been started.
[info   ] ProtocolManager: A 18GameEventsProtocol protocol has been started.
[info   ] ClientLobby: Synchronous message of type 11
[info   ] ClientLobby: Start game after 2449ms
[info   ] ClientLobby: Started at 3289002.738000
Rewind [info   ] HTTPRequest: Sending userid=116535&token=************************ to https://online.supertuxkart.net/api/v2/user/poll/
[info   ] HTTPRequest: Sending userid=116535&token=************************ to https://online.supertuxkart.net/api/v2/user/poll/
[info   ] HTTPRequest: Sending userid=116535&token=************************ to https://online.supertuxkart.net/api/v2/user/poll/
[info   ] ClientLobby: Synchronous message of type 13
[info   ] ClientLobby: Server notified that the race is finished.
[info   ] ProtocolManager: A 18GameEventsProtocol protocol has been terminated.
[info   ] ProtocolManager: A 12GameProtocol protocol has been terminated.
[info   ] ClientLobby: Synchronous message of type 15
[info   ] Singleton: Destroyed singleton.
[info   ] Singleton: Destroyed singleton.
[info   ] Singleton: Destroyed singleton.
[info   ] ClientLobby: Synchronous message of type 6
[info   ] ClientLobby: Synchronous message of type 4
[info   ] ClientLobby: Synchronous message of type 6
[info   ] ClientLobby: Synchronous message of type 6
[info   ] ClientLobby: Synchronous message of type 6
[info   ] ClientLobby: Synchronous message of type 8
[info   ] ClientLobby: Synchronous message of type 6
[info   ] ClientLobby: Synchronous message of type 6
[info   ] ClientLobby: Synchronous message of type 6
[info   ] ClientLobby: Synchronous message of type 6
[info   ] ClientLobby: Synchronous message of type 6
[info   ] ClientLobby: Synchronous message of type 12
[info   ] ClientLobby: Selection starts now
[info   ] ClientLobby: Synchronous message of type 16
[info   ] ClientLobby: Synchronous message of type 16
[info   ] ClientLobby: Synchronous message of type 16
[info   ] ClientLobby: Synchronous message of type 16
[info   ] ClientLobby: Synchronous message of type 16
[info   ] ClientLobby: Synchronous message of type 16
[info   ] ClientLobby: Synchronous message of type 16
[info   ] ClientLobby: Synchronous message of type 16
[info   ] ClientLobby: Synchronous message of type 16
[info   ] ClientLobby: Synchronous message of type 16
[info   ] HTTPRequest: Sending userid=116535&token=************************ to https://online.supertuxkart.net/api/v2/user/poll/
[info   ] ClientLobby: Synchronous message of type 16
[info   ] ClientLobby: Synchronous message of type 10
[info   ] LobbyProtocol: Player configuration ready.
[info   ] LobbyProtocol: Ready !
[verbose  ] RaceManager: Nb of karts=7, ghost karts:0 ai:0 players:7

[info   ] Track: Overall scene complexity estimated at 156
[info   ] NetworkPlayerController: New network player controller.
[info   ] NetworkPlayerController: New network player controller.
[info   ] NetworkPlayerController: New network player controller.
[info   ] NetworkPlayerController: New network player controller.
[info   ] NetworkPlayerController: New network player controller.
[info   ] NetworkPlayerController: New network player controller.
[info   ] ProtocolManager: A 12GameProtocol protocol has been started.
[info   ] ProtocolManager: A 18GameEventsProtocol protocol has been started.
[info   ] ClientLobby: Synchronous message of type 11
[info   ] ClientLobby: Start game after 2434ms
[info   ] ClientLobby: Started at 3289210.466000
[info   ] HTTPRequest: Sending userid=116535&token=************************ to https://online.supertuxkart.net/api/v2/user/poll/
[info   ] ClientLobby: Synchronous message of type 13
[info   ] ClientLobby: Server notified that the race is finished.
[info   ] ProtocolManager: A 18GameEventsProtocol protocol has been terminated.
[info   ] ProtocolManager: A 12GameProtocol protocol has been terminated.
[info   ] HTTPRequest: Sending userid=116535&token=************************ to https://online.supertuxkart.net/api/v2/user/poll/
[info   ] ClientLobby: Synchronous message of type 15
[info   ] Singleton: Destroyed singleton.
[info   ] Singleton: Destroyed singleton.
[info   ] Singleton: Destroyed singleton.
[info   ] ClientLobby: Synchronous message of type 6
[info   ] ClientLobby: Synchronous message of type 4
[info   ] ClientLobby: Synchronous message of type 6
[info   ] ClientLobby: Synchronous message of type 6
[info   ] ClientLobby: Synchronous message of type 6
[info   ] ClientLobby: Synchronous message of type 6
[info   ] ClientLobby: Synchronous message of type 6
[info   ] ClientLobby: Synchronous message of type 17
[info   ] ClientLobby: Zanzariera1893: alves
[info   ] ClientLobby: Synchronous message of type 6
[info   ] ClientLobby: Synchronous message of type 17
[info   ] ClientLobby: Zanzariera1893: your mom is ok?
[info   ] ClientLobby: Synchronous message of type 17
[info   ] ClientLobby: andr.alves: what?
[info   ] ClientLobby: Synchronous message of type 17
[info   ] ClientLobby: Zanzariera1893: DIE SON OF BITCH
[info   ] ClientLobby: Synchronous message of type 6
[info   ] ClientLobby: Synchronous message of type 6
[info   ] ClientLobby: Synchronous message of type 6
[info   ] ClientLobby: Synchronous message of type 6
[info   ] ClientLobby: Synchronous message of type 12
[info   ] ClientLobby: Selection starts now
[info   ] ClientLobby: Synchronous message of type 16
[info   ] ClientLobby: Synchronous message of type 16
[info   ] ClientLobby: Synchronous message of type 16
[info   ] ClientLobby: Synchronous message of type 16
[info   ] ClientLobby: Synchronous message of type 16
[info   ] ClientLobby: Synchronous message of type 16
[info   ] ClientLobby: Synchronous message of type 16
[info   ] ClientLobby: Synchronous message of type 16
[info   ] ClientLobby: Synchronous message of type 16
[info   ] ClientLobby: Synchronous message of type 10
[info   ] LobbyProtocol: Player configuration ready.
[info   ] LobbyProtocol: Ready !
[verbose  ] RaceManager: Nb of karts=8, ghost karts:0 ai:0 players:8

[info   ] Track: Overall scene complexity estimated at 283
[info   ] NetworkPlayerController: New network player controller.
[info   ] NetworkPlayerController: New network player controller.
[info   ] NetworkPlayerController: New network player controller.
[info   ] NetworkPlayerController: New network player controller.
[info   ] NetworkPlayerController: New network player controller.
[info   ] NetworkPlayerController: New network player controller.
[info   ] NetworkPlayerController: New network player controller.
[info   ] ProtocolManager: A 12GameProtocol protocol has been started.
[info   ] ProtocolManager: A 18GameEventsProtocol protocol has been started.
[info   ] HTTPRequest: Sending userid=116535&token=************************ to https://online.supertuxkart.net/api/v2/user/poll/
[info   ] ClientLobby: Synchronous message of type 11
[info   ] ClientLobby: Start game after 2449ms
[info   ] ClientLobby: Started at 3289386.001000
[info   ] HTTPRequest: Sending userid=116535&token=************************ to https://online.supertuxkart.net/api/v2/user/poll/
[info   ] HTTPRequest: Sending userid=116535&token=************************ to https://online.supertuxkart.net/api/v2/user/poll/
[info   ] ClientLobby: Synchronous message of type 17
[info   ] ClientLobby: Andet: Item swappers are brutal on STK Entperprise :P
[info   ] ClientLobby: Synchronous message of type 17
[info   ] ClientLobby: an-r-kissed: why does steering keep faailing?
[info   ] HTTPRequest: Sending userid=116535&token=************************ to https://online.supertuxkart.net/api/v2/user/poll/
[info   ] ClientLobby: Synchronous message of type 17
[info   ] ClientLobby: Andet: What do you mean?
[info   ] ClientLobby: Synchronous message of type 13
[info   ] ClientLobby: Server notified that the race is finished.
[info   ] ProtocolManager: A 18GameEventsProtocol protocol has been terminated.
[info   ] ProtocolManager: A 12GameProtocol protocol has been terminated.
[info   ] ClientLobby: Synchronous message of type 15
[info   ] Singleton: Destroyed singleton.
[info   ] Singleton: Destroyed singleton.
[info   ] Singleton: Destroyed singleton.
[info   ] ClientLobby: Synchronous message of type 6
[info   ] ClientLobby: Synchronous message of type 4
[info   ] ClientLobby: Synchronous message of type 6
[info   ] ClientLobby: Synchronous message of type 6
[info   ] ClientLobby: Synchronous message of type 6
[info   ] ClientLobby: Synchronous message of type 6
[info   ] ClientLobby: Synchronous message of type 6
[info   ] HTTPRequest: Sending userid=116535&token=************************ to https://online.supertuxkart.net/api/v2/server/clear-user-joined-server/
[info   ] STKHost: Listening has been stopped.
[info   ] HTTPRequest: Sending userid=116535&token=************************ to https://online.supertuxkart.net/api/v2/user/client-quit/
[verbose  ] Thread: Start waiting 3289600.824000
[verbose  ] Thread: Waited 0.718000 seconds for thread to become deleteable.
[verbose  ] Thread: Stop waiting 3289601.542000
[info   ] Singleton: Destroyed singleton.
[info   ] Singleton: Destroyed singleton.
[info   ] Singleton: Destroyed singleton.
[info   ] Singleton: Destroyed singleton.
[info   ] Singleton: Destroyed singleton.
[info   ] Singleton: Destroyed singleton.
[info   ] Singleton: Destroyed singleton.
[info   ] Singleton: Destroyed singleton.
[info   ] Singleton: Destroyed singleton.
[info   ] Singleton: Destroyed singleton.
[info   ] Singleton: Destroyed singleton.
[info   ] Singleton: Destroyed singleton.
[info   ] Singleton: Destroyed singleton.
[info   ] Singleton: Destroyed singleton.
[info   ] Singleton: Destroyed singleton.
[info   ] Singleton: Destroyed singleton.
[info   ] Singleton: Destroyed singleton.
[info   ] Singleton: Destroyed singleton.
[info   ] Singleton: Destroyed singleton.
[info   ] Singleton: Destroyed singleton.
[info   ] Singleton: Destroyed singleton.
[info   ] Singleton: Destroyed singleton.
[info   ] Singleton: Destroyed singleton.
[info   ] Singleton: Destroyed singleton.
[info   ] Singleton: Destroyed singleton.
[info   ] Singleton: Destroyed singleton.
[info   ] Singleton: Destroyed singleton.
[info   ] Singleton: Destroyed singleton.
[info   ] Singleton: Destroyed singleton.
[info   ] Singleton: Destroyed singleton.
[info   ] Singleton: Destroyed singleton.
[info   ] Singleton: Destroyed singleton.
[info   ] Singleton: Destroyed singleton.
[info   ] Singleton: Destroyed singleton.
[info   ] Singleton: Destroyed singleton.
[info   ] Singleton: Destroyed singleton.
[info   ] Singleton: Destroyed singleton.
[info   ] Singleton: Destroyed singleton.
[info   ] Singleton: Destroyed singleton.
[info   ] Singleton: Destroyed singleton.
[info   ] Singleton: Destroyed singleton.
[info   ] Singleton: Destroyed singleton.
[info   ] Singleton: Destroyed singleton.
